This is pdfTeX, Version 3.141592653-2.6-1.40.24 (TeX Live 2022/Debian) (preloaded format=pdflatex 2024.3.9)  25 MAR 2026 11:00
entering extended mode
 restricted \write18 enabled.
 %&-line parsing enabled.
**diagnosis.tex
(./diagnosis.tex
LaTeX2e <2022-11-01> patch level 1
L3 programming layer <2023-01-16>
(/usr/share/texlive/texmf-dist/tex/latex/base/article.cls
Document Class: article 2022/07/02 v1.4n Standard LaTeX document class
(/usr/share/texlive/texmf-dist/tex/latex/base/size11.clo
File: size11.clo 2022/07/02 v1.4n Standard LaTeX file (size option)
)
\c@part=\count185
\c@section=\count186
\c@subsection=\count187
\c@subsubsection=\count188
\c@paragraph=\count189
\c@subparagraph=\count190
\c@figure=\count191
\c@table=\count192
\abovecaptionskip=\skip48
\belowcaptionskip=\skip49
\bibindent=\dimen140
)
(/usr/share/texlive/texmf-dist/tex/latex/geometry/geometry.sty
Package: geometry 2020/01/02 v5.9 Page Geometry

(/usr/share/texlive/texmf-dist/tex/latex/graphics/keyval.sty
Package: keyval 2022/05/29 v1.15 key=value parser (DPC)
\KV@toks@=\toks16
)
(/usr/share/texlive/texmf-dist/tex/generic/iftex/ifvtex.sty
Package: ifvtex 2019/10/25 v1.7 ifvtex legacy package. Use iftex instead.

(/usr/share/texlive/texmf-dist/tex/generic/iftex/iftex.sty
Package: iftex 2022/02/03 v1.0f TeX engine tests
))
\Gm@cnth=\count193
\Gm@cntv=\count194
\c@Gm@tempcnt=\count195
\Gm@bindingoffset=\dimen141
\Gm@wd@mp=\dimen142
\Gm@odd@mp=\dimen143
\Gm@even@mp=\dimen144
\Gm@layoutwidth=\dimen145
\Gm@layoutheight=\dimen146
\Gm@layouthoffset=\dimen147
\Gm@layoutvoffset=\dimen148
\Gm@dimlist=\toks17
)
(/usr/share/texlive/texmf-dist/tex/latex/base/fontenc.sty
Package: fontenc 2021/04/29 v2.0v Standard LaTeX package
)
(/usr/share/texlive/texmf-dist/tex/latex/base/inputenc.sty
Package: inputenc 2021/02/14 v1.3d Input encoding file
\inpenc@prehook=\toks18
\inpenc@posthook=\toks19
)
(/usr/share/texmf/tex/latex/lm/lmodern.sty
Package: lmodern 2015/05/01 v1.6.1 Latin Modern Fonts
LaTeX Font Info:    Overwriting symbol font `operators' in version `normal'
(Font)                  OT1/cmr/m/n --> OT1/lmr/m/n on input line 22.
LaTeX Font Info:    Overwriting symbol font `letters' in version `normal'
(Font)                  OML/cmm/m/it --> OML/lmm/m/it on input line 23.
LaTeX Font Info:    Overwriting symbol font `symbols' in version `normal'
(Font)                  OMS/cmsy/m/n --> OMS/lmsy/m/n on input line 24.
LaTeX Font Info:    Overwriting symbol font `largesymbols' in version `normal'
(Font)                  OMX/cmex/m/n --> OMX/lmex/m/n on input line 25.
LaTeX Font Info:    Overwriting symbol font `operators' in version `bold'
(Font)                  OT1/cmr/bx/n --> OT1/lmr/bx/n on input line 26.
LaTeX Font Info:    Overwriting symbol font `letters' in version `bold'
(Font)                  OML/cmm/b/it --> OML/lmm/b/it on input line 27.
LaTeX Font Info:    Overwriting symbol font `symbols' in version `bold'
(Font)                  OMS/cmsy/b/n --> OMS/lmsy/b/n on input line 28.
LaTeX Font Info:    Overwriting symbol font `largesymbols' in version `bold'
(Font)                  OMX/cmex/m/n --> OMX/lmex/m/n on input line 29.
LaTeX Font Info:    Overwriting math alphabet `\mathbf' in version `normal'
(Font)                  OT1/cmr/bx/n --> OT1/lmr/bx/n on input line 31.
LaTeX Font Info:    Overwriting math alphabet `\mathsf' in version `normal'
(Font)                  OT1/cmss/m/n --> OT1/lmss/m/n on input line 32.
LaTeX Font Info:    Overwriting math alphabet `\mathit' in version `normal'
(Font)                  OT1/cmr/m/it --> OT1/lmr/m/it on input line 33.
LaTeX Font Info:    Overwriting math alphabet `\mathtt' in version `normal'
(Font)                  OT1/cmtt/m/n --> OT1/lmtt/m/n on input line 34.
LaTeX Font Info:    Overwriting math alphabet `\mathbf' in version `bold'
(Font)                  OT1/cmr/bx/n --> OT1/lmr/bx/n on input line 35.
LaTeX Font Info:    Overwriting math alphabet `\mathsf' in version `bold'
(Font)                  OT1/cmss/bx/n --> OT1/lmss/bx/n on input line 36.
LaTeX Font Info:    Overwriting math alphabet `\mathit' in version `bold'
(Font)                  OT1/cmr/bx/it --> OT1/lmr/bx/it on input line 37.
LaTeX Font Info:    Overwriting math alphabet `\mathtt' in version `bold'
(Font)                  OT1/cmtt/m/n --> OT1/lmtt/m/n on input line 38.
)
(/usr/share/texlive/texmf-dist/tex/latex/amsmath/amsmath.sty
Package: amsmath 2022/04/08 v2.17n AMS math features
\@mathmargin=\skip50

For additional information on amsmath, use the `?' option.
(/usr/share/texlive/texmf-dist/tex/latex/amsmath/amstext.sty
Package: amstext 2021/08/26 v2.01 AMS text

(/usr/share/texlive/texmf-dist/tex/latex/amsmath/amsgen.sty
File: amsgen.sty 1999/11/30 v2.0 generic functions
\@emptytoks=\toks20
\ex@=\dimen149
))
(/usr/share/texlive/texmf-dist/tex/latex/amsmath/amsbsy.sty
Package: amsbsy 1999/11/29 v1.2d Bold Symbols
\pmbraise@=\dimen150
)
(/usr/share/texlive/texmf-dist/tex/latex/amsmath/amsopn.sty
Package: amsopn 2022/04/08 v2.04 operator names
)
\inf@bad=\count196
LaTeX Info: Redefining \frac on input line 234.
\uproot@=\count197
\leftroot@=\count198
LaTeX Info: Redefining \overline on input line 399.
LaTeX Info: Redefining \colon on input line 410.
\classnum@=\count199
\DOTSCASE@=\count266
LaTeX Info: Redefining \ldots on input line 496.
LaTeX Info: Redefining \dots on input line 499.
LaTeX Info: Redefining \cdots on input line 620.
\Mathstrutbox@=\box51
\strutbox@=\box52
LaTeX Info: Redefining \big on input line 722.
LaTeX Info: Redefining \Big on input line 723.
LaTeX Info: Redefining \bigg on input line 724.
LaTeX Info: Redefining \Bigg on input line 725.
\big@size=\dimen151
LaTeX Font Info:    Redeclaring font encoding OML on input line 743.
LaTeX Font Info:    Redeclaring font encoding OMS on input line 744.
\macc@depth=\count267
LaTeX Info: Redefining \bmod on input line 905.
LaTeX Info: Redefining \pmod on input line 910.
LaTeX Info: Redefining \smash on input line 940.
LaTeX Info: Redefining \relbar on input line 970.
LaTeX Info: Redefining \Relbar on input line 971.
\c@MaxMatrixCols=\count268
\dotsspace@=\muskip16
\c@parentequation=\count269
\dspbrk@lvl=\count270
\tag@help=\toks21
\row@=\count271
\column@=\count272
\maxfields@=\count273
\andhelp@=\toks22
\eqnshift@=\dimen152
\alignsep@=\dimen153
\tagshift@=\dimen154
\tagwidth@=\dimen155
\totwidth@=\dimen156
\lineht@=\dimen157
\@envbody=\toks23
\multlinegap=\skip51
\multlinetaggap=\skip52
\mathdisplay@stack=\toks24
LaTeX Info: Redefining \[ on input line 2953.
LaTeX Info: Redefining \] on input line 2954.
)
(/usr/share/texlive/texmf-dist/tex/latex/amsfonts/amssymb.sty
Package: amssymb 2013/01/14 v3.01 AMS font symbols

(/usr/share/texlive/texmf-dist/tex/latex/amsfonts/amsfonts.sty
Package: amsfonts 2013/01/14 v3.01 Basic AMSFonts support
\symAMSa=\mathgroup4
\symAMSb=\mathgroup5
LaTeX Font Info:    Redeclaring math symbol \hbar on input line 98.
LaTeX Font Info:    Overwriting math alphabet `\mathfrak' in version `bold'
(Font)                  U/euf/m/n --> U/euf/b/n on input line 106.
))
(/usr/share/texlive/texmf-dist/tex/latex/amscls/amsthm.sty
Package: amsthm 2020/05/29 v2.20.6
\thm@style=\toks25
\thm@bodyfont=\toks26
\thm@headfont=\toks27
\thm@notefont=\toks28
\thm@headpunct=\toks29
\thm@preskip=\skip53
\thm@postskip=\skip54
\thm@headsep=\skip55
\dth@everypar=\toks30
)
(/usr/share/texlive/texmf-dist/tex/latex/tools/array.sty
Package: array 2022/09/04 v2.5g Tabular extension package (FMi)
\col@sep=\dimen158
\ar@mcellbox=\box53
\extrarowheight=\dimen159
\NC@list=\toks31
\extratabsurround=\skip56
\backup@length=\skip57
\ar@cellbox=\box54
)
(/usr/share/texlive/texmf-dist/tex/latex/booktabs/booktabs.sty
Package: booktabs 2020/01/12 v1.61803398 Publication quality tables
\heavyrulewidth=\dimen160
\lightrulewidth=\dimen161
\cmidrulewidth=\dimen162
\belowrulesep=\dimen163
\belowbottomsep=\dimen164
\aboverulesep=\dimen165
\abovetopsep=\dimen166
\cmidrulesep=\dimen167
\cmidrulekern=\dimen168
\defaultaddspace=\dimen169
\@cmidla=\count274
\@cmidlb=\count275
\@aboverulesep=\dimen170
\@belowrulesep=\dimen171
\@thisruleclass=\count276
\@lastruleclass=\count277
\@thisrulewidth=\dimen172
)
(/usr/share/texlive/texmf-dist/tex/latex/tools/longtable.sty
Package: longtable 2021-09-01 v4.17 Multi-page Table package (DPC)
\LTleft=\skip58
\LTright=\skip59
\LTpre=\skip60
\LTpost=\skip61
\LTchunksize=\count278
\LTcapwidth=\dimen173
\LT@head=\box55
\LT@firsthead=\box56
\LT@foot=\box57
\LT@lastfoot=\box58
\LT@gbox=\box59
\LT@cols=\count279
\LT@rows=\count280
\c@LT@tables=\count281
\c@LT@chunks=\count282
\LT@p@ftn=\toks32
)
(/usr/share/texlive/texmf-dist/tex/latex/enumitem/enumitem.sty
Package: enumitem 2019/06/20 v3.9 Customized lists
\labelindent=\skip62
\enit@outerparindent=\dimen174
\enit@toks=\toks33
\enit@inbox=\box60
\enit@count@id=\count283
\enitdp@description=\count284
)
(/usr/share/texlive/texmf-dist/tex/latex/hyperref/hyperref.sty
Package: hyperref 2022-11-13 v7.00u Hypertext links for LaTeX

(/usr/share/texlive/texmf-dist/tex/generic/ltxcmds/ltxcmds.sty
Package: ltxcmds 2020-05-10 v1.25 LaTeX kernel commands for general use (HO)
)
(/usr/share/texlive/texmf-dist/tex/generic/pdftexcmds/pdftexcmds.sty
Package: pdftexcmds 2020-06-27 v0.33 Utility functions of pdfTeX for LuaTeX (HO
)

(/usr/share/texlive/texmf-dist/tex/generic/infwarerr/infwarerr.sty
Package: infwarerr 2019/12/03 v1.5 Providing info/warning/error messages (HO)
)
Package pdftexcmds Info: \pdf@primitive is available.
Package pdftexcmds Info: \pdf@ifprimitive is available.
Package pdftexcmds Info: \pdfdraftmode found.
)
(/usr/share/texlive/texmf-dist/tex/latex/kvsetkeys/kvsetkeys.sty
Package: kvsetkeys 2022-10-05 v1.19 Key value parser (HO)
)
(/usr/share/texlive/texmf-dist/tex/generic/kvdefinekeys/kvdefinekeys.sty
Package: kvdefinekeys 2019-12-19 v1.6 Define keys (HO)
)
(/usr/share/texlive/texmf-dist/tex/generic/pdfescape/pdfescape.sty
Package: pdfescape 2019/12/09 v1.15 Implements pdfTeX's escape features (HO)
)
(/usr/share/texlive/texmf-dist/tex/latex/hycolor/hycolor.sty
Package: hycolor 2020-01-27 v1.10 Color options for hyperref/bookmark (HO)
)
(/usr/share/texlive/texmf-dist/tex/latex/letltxmacro/letltxmacro.sty
Package: letltxmacro 2019/12/03 v1.6 Let assignment for LaTeX macros (HO)
)
(/usr/share/texlive/texmf-dist/tex/latex/auxhook/auxhook.sty
Package: auxhook 2019-12-17 v1.6 Hooks for auxiliary files (HO)
)
(/usr/share/texlive/texmf-dist/tex/latex/hyperref/nameref.sty
Package: nameref 2022-05-17 v2.50 Cross-referencing by name of section

(/usr/share/texlive/texmf-dist/tex/latex/refcount/refcount.sty
Package: refcount 2019/12/15 v3.6 Data extraction from label references (HO)
)
(/usr/share/texlive/texmf-dist/tex/generic/gettitlestring/gettitlestring.sty
Package: gettitlestring 2019/12/15 v1.6 Cleanup title references (HO)

(/usr/share/texlive/texmf-dist/tex/latex/kvoptions/kvoptions.sty
Package: kvoptions 2022-06-15 v3.15 Key value format for package options (HO)
))
\c@section@level=\count285
)
\@linkdim=\dimen175
\Hy@linkcounter=\count286
\Hy@pagecounter=\count287

(/usr/share/texlive/texmf-dist/tex/latex/hyperref/pd1enc.def
File: pd1enc.def 2022-11-13 v7.00u Hyperref: PDFDocEncoding definition (HO)
Now handling font encoding PD1 ...
... no UTF-8 mapping file for font encoding PD1
)
(/usr/share/texlive/texmf-dist/tex/generic/intcalc/intcalc.sty
Package: intcalc 2019/12/15 v1.3 Expandable calculations with integers (HO)
)
(/usr/share/texlive/texmf-dist/tex/generic/etexcmds/etexcmds.sty
Package: etexcmds 2019/12/15 v1.7 Avoid name clashes with e-TeX commands (HO)
)
\Hy@SavedSpaceFactor=\count288

(/usr/share/texlive/texmf-dist/tex/latex/hyperref/puenc.def
File: puenc.def 2022-11-13 v7.00u Hyperref: PDF Unicode definition (HO)
Now handling font encoding PU ...
... no UTF-8 mapping file for font encoding PU
)
Package hyperref Info: Hyper figures OFF on input line 4162.
Package hyperref Info: Link nesting OFF on input line 4167.
Package hyperref Info: Hyper index ON on input line 4170.
Package hyperref Info: Plain pages OFF on input line 4177.
Package hyperref Info: Backreferencing OFF on input line 4182.
Package hyperref Info: Implicit mode ON; LaTeX internals redefined.
Package hyperref Info: Bookmarks ON on input line 4410.
\c@Hy@tempcnt=\count289

(/usr/share/texlive/texmf-dist/tex/latex/url/url.sty
\Urlmuskip=\muskip17
Package: url 2013/09/16  ver 3.4  Verb mode for urls, etc.
)
LaTeX Info: Redefining \url on input line 4748.
\XeTeXLinkMargin=\dimen176

(/usr/share/texlive/texmf-dist/tex/generic/bitset/bitset.sty
Package: bitset 2019/12/09 v1.3 Handle bit-vector datatype (HO)

(/usr/share/texlive/texmf-dist/tex/generic/bigintcalc/bigintcalc.sty
Package: bigintcalc 2019/12/15 v1.5 Expandable calculations on big integers (HO
)
))
\Fld@menulength=\count290
\Field@Width=\dimen177
\Fld@charsize=\dimen178
Package hyperref Info: Hyper figures OFF on input line 6027.
Package hyperref Info: Link nesting OFF on input line 6032.
Package hyperref Info: Hyper index ON on input line 6035.
Package hyperref Info: backreferencing OFF on input line 6042.
Package hyperref Info: Link coloring OFF on input line 6047.
Package hyperref Info: Link coloring with OCG OFF on input line 6052.
Package hyperref Info: PDF/A mode OFF on input line 6057.

(/usr/share/texlive/texmf-dist/tex/latex/base/atbegshi-ltx.sty
Package: atbegshi-ltx 2021/01/10 v1.0c Emulation of the original atbegshi
package with kernel methods
)
\Hy@abspage=\count291
\c@Item=\count292
\c@Hfootnote=\count293
)
Package hyperref Info: Driver (autodetected): hpdftex.

(/usr/share/texlive/texmf-dist/tex/latex/hyperref/hpdftex.def
File: hpdftex.def 2022-11-13 v7.00u Hyperref driver for pdfTeX

(/usr/share/texlive/texmf-dist/tex/latex/base/atveryend-ltx.sty
Package: atveryend-ltx 2020/08/19 v1.0a Emulation of the original atveryend pac
kage
with kernel methods
)
\Fld@listcount=\count294
\c@bookmark@seq@number=\count295

(/usr/share/texlive/texmf-dist/tex/latex/rerunfilecheck/rerunfilecheck.sty
Package: rerunfilecheck 2022-07-10 v1.10 Rerun checks for auxiliary files (HO)

(/usr/share/texlive/texmf-dist/tex/generic/uniquecounter/uniquecounter.sty
Package: uniquecounter 2019/12/15 v1.4 Provide unlimited unique counter (HO)
)
Package uniquecounter Info: New unique counter `rerunfilecheck' on input line 2
85.
)
\Hy@SectionHShift=\skip63
)
(/usr/share/texlive/texmf-dist/tex/latex/xcolor/xcolor.sty
Package: xcolor 2022/06/12 v2.14 LaTeX color extensions (UK)

(/usr/share/texlive/texmf-dist/tex/latex/graphics-cfg/color.cfg
File: color.cfg 2016/01/02 v1.6 sample color configuration
)
Package xcolor Info: Driver file: pdftex.def on input line 227.

(/usr/share/texlive/texmf-dist/tex/latex/graphics-def/pdftex.def
File: pdftex.def 2022/09/22 v1.2b Graphics/color driver for pdftex
)
(/usr/share/texlive/texmf-dist/tex/latex/graphics/mathcolor.ltx)
Package xcolor Info: Model `cmy' substituted by `cmy0' on input line 1353.
Package xcolor Info: Model `hsb' substituted by `rgb' on input line 1357.
Package xcolor Info: Model `RGB' extended on input line 1369.
Package xcolor Info: Model `HTML' substituted by `rgb' on input line 1371.
Package xcolor Info: Model `Hsb' substituted by `hsb' on input line 1372.
Package xcolor Info: Model `tHsb' substituted by `hsb' on input line 1373.
Package xcolor Info: Model `HSB' substituted by `hsb' on input line 1374.
Package xcolor Info: Model `Gray' substituted by `gray' on input line 1375.
Package xcolor Info: Model `wave' substituted by `hsb' on input line 1376.
)
Package hyperref Info: Option `colorlinks' set `true' on input line 19.
LaTeX Font Info:    Trying to load font information for T1+lmr on input line 37
.

(/usr/share/texmf/tex/latex/lm/t1lmr.fd
File: t1lmr.fd 2015/05/01 v1.6.1 Font defs for Latin Modern
)
(/usr/share/texlive/texmf-dist/tex/latex/l3backend/l3backend-pdftex.def
File: l3backend-pdftex.def 2023-01-16 L3 backend support: PDF output (pdfTeX)
\l__color_backend_stack_int=\count296
\l__pdf_internal_box=\box61
)
(./diagnosis.aux)
\openout1 = `diagnosis.aux'.

LaTeX Font Info:    Checking defaults for OML/cmm/m/it on input line 37.
LaTeX Font Info:    ... okay on input line 37.
LaTeX Font Info:    Checking defaults for OMS/cmsy/m/n on input line 37.
LaTeX Font Info:    ... okay on input line 37.
LaTeX Font Info:    Checking defaults for OT1/cmr/m/n on input line 37.
LaTeX Font Info:    ... okay on input line 37.
LaTeX Font Info:    Checking defaults for T1/cmr/m/n on input line 37.
LaTeX Font Info:    ... okay on input line 37.
LaTeX Font Info:    Checking defaults for TS1/cmr/m/n on input line 37.
LaTeX Font Info:    ... okay on input line 37.
LaTeX Font Info:    Checking defaults for OMX/cmex/m/n on input line 37.
LaTeX Font Info:    ... okay on input line 37.
LaTeX Font Info:    Checking defaults for U/cmr/m/n on input line 37.
LaTeX Font Info:    ... okay on input line 37.
LaTeX Font Info:    Checking defaults for PD1/pdf/m/n on input line 37.
LaTeX Font Info:    ... okay on input line 37.
LaTeX Font Info:    Checking defaults for PU/pdf/m/n on input line 37.
LaTeX Font Info:    ... okay on input line 37.

*geometry* driver: auto-detecting
*geometry* detected driver: pdftex
*geometry* verbose mode - [ preamble ] result:
* driver: pdftex
* paper: <default>
* layout: <same size as paper>
* layoutoffset:(h,v)=(0.0pt,0.0pt)
* modes: 
* h-part:(L,W,R)=(72.26999pt, 469.75502pt, 72.26999pt)
* v-part:(T,H,B)=(72.26999pt, 650.43001pt, 72.26999pt)
* \paperwidth=614.295pt
* \paperheight=794.96999pt
* \textwidth=469.75502pt
* \textheight=650.43001pt
* \oddsidemargin=0.0pt
* \evensidemargin=0.0pt
* \topmargin=-37.0pt
* \headheight=12.0pt
* \headsep=25.0pt
* \topskip=11.0pt
* \footskip=30.0pt
* \marginparwidth=59.0pt
* \marginparsep=10.0pt
* \columnsep=10.0pt
* \skip\footins=10.0pt plus 4.0pt minus 2.0pt
* \hoffset=0.0pt
* \voffset=0.0pt
* \mag=1000
* \@twocolumnfalse
* \@twosidefalse
* \@mparswitchfalse
* \@reversemarginfalse
* (1in=72.27pt=25.4mm, 1cm=28.453pt)

Package hyperref Info: Link coloring ON on input line 37.
(./diagnosis.out) (./diagnosis.out)
\@outlinefile=\write3
\openout3 = `diagnosis.out'.


(/usr/share/texlive/texmf-dist/tex/context/base/mkii/supp-pdf.mkii
[Loading MPS to PDF converter (version 2006.09.02).]
\scratchcounter=\count297
\scratchdimen=\dimen179
\scratchbox=\box62
\nofMPsegments=\count298
\nofMParguments=\count299
\everyMPshowfont=\toks34
\MPscratchCnt=\count300
\MPscratchDim=\dimen180
\MPnumerator=\count301
\makeMPintoPDFobject=\count302
\everyMPtoPDFconversion=\toks35
)
LaTeX Font Info:    Trying to load font information for OT1+lmr on input line 3
9.
 (/usr/share/texmf/tex/latex/lm/ot1lmr.fd
File: ot1lmr.fd 2015/05/01 v1.6.1 Font defs for Latin Modern
)
LaTeX Font Info:    Trying to load font information for OML+lmm on input line 3
9.

(/usr/share/texmf/tex/latex/lm/omllmm.fd
File: omllmm.fd 2015/05/01 v1.6.1 Font defs for Latin Modern
)
LaTeX Font Info:    Trying to load font information for OMS+lmsy on input line 
39.

(/usr/share/texmf/tex/latex/lm/omslmsy.fd
File: omslmsy.fd 2015/05/01 v1.6.1 Font defs for Latin Modern
)
LaTeX Font Info:    Trying to load font information for OMX+lmex on input line 
39.

(/usr/share/texmf/tex/latex/lm/omxlmex.fd
File: omxlmex.fd 2015/05/01 v1.6.1 Font defs for Latin Modern
)
LaTeX Font Info:    External font `lmex10' loaded for size
(Font)              <12> on input line 39.
LaTeX Font Info:    External font `lmex10' loaded for size
(Font)              <8> on input line 39.
LaTeX Font Info:    External font `lmex10' loaded for size
(Font)              <6> on input line 39.
LaTeX Font Info:    Trying to load font information for U+msa on input line 39.


(/usr/share/texlive/texmf-dist/tex/latex/amsfonts/umsa.fd
File: umsa.fd 2013/01/14 v3.01 AMS symbols A
)
LaTeX Font Info:    Trying to load font information for U+msb on input line 39.


(/usr/share/texlive/texmf-dist/tex/latex/amsfonts/umsb.fd
File: umsb.fd 2013/01/14 v3.01 AMS symbols B
)
LaTeX Font Info:    Trying to load font information for T1+lmtt on input line 3
9.

(/usr/share/texmf/tex/latex/lm/t1lmtt.fd
File: t1lmtt.fd 2015/05/01 v1.6.1 Font defs for Latin Modern
) (./diagnosis.toc
LaTeX Font Info:    External font `lmex10' loaded for size
(Font)              <10.95> on input line 2.
 [1

{/var/lib/texmf/fonts/map/pdftex/updmap/pdftex.map}] [2])
\tf@toc=\write4
\openout4 = `diagnosis.toc'.

LaTeX Font Info:    Trying to load font information for TS1+lmr on input line 6
1.

(/usr/share/texmf/tex/latex/lm/ts1lmr.fd
File: ts1lmr.fd 2015/05/01 v1.6.1 Font defs for Latin Modern
)
Overfull \hbox (82.77312pt too wide) in paragraph at lines 77--80
\T1/lmr/m/n/10.95 where $\OML/lmm/m/it/10.95  $ \T1/lmr/m/n/10.95 is a con-vex 
loss and $\OML/lmm/m/it/10.95 ^^L[] \OMS/lmsy/m/n/10.95 ^^U \OT1/lmr/m/n/10.95 
0$ \T1/lmr/m/n/10.95 is a known con-sul-ta-tion fee; see \T1/lmtt/m/n/10.95 Pap
er/icml2026/Section/Approach.tex:24--43\T1/lmr/m/n/10.95 . 
 []


Overfull \hbox (73.5681pt too wide) in paragraph at lines 81--86
\T1/lmr/m/n/10.95 able set $\OMS/lmsy/m/n/10.95 E[]$\T1/lmr/m/n/10.95 , and sta
le ex-perts may be pruned from the reg-istry; see \T1/lmtt/m/n/10.95 Paper/icml
2026/Section/Approach.tex:17--20
 []

[3]
Overfull \hbox (24.24162pt too wide) in paragraph at lines 144--148
\T1/lmr/m/n/10.95 with $\OMS/lmsy/m/n/10.95 H[] \OT1/lmr/m/n/10.95 = ((\OML/lmm
/m/it/10.95 x[]; \OMS/lmsy/m/n/10.95 E[]\OML/lmm/m/it/10.95 ; O[]\OT1/lmr/m/n/1
0.95 ))[]$ \T1/lmr/m/n/10.95 and $\OML/lmm/m/it/10.95 O[] \OT1/lmr/m/n/10.95 = 
(\OML/lmm/m/it/10.95 I[]; []; y[]\OT1/lmr/m/n/10.95 )$\T1/lmr/m/n/10.95 ; see \
T1/lmtt/m/n/10.95 Paper/icml2026/Section/Approach.tex:52--63\T1/lmr/m/n/10.95 .
 
 []

[4]
Overfull \hbox (11.06526pt too wide) in paragraph at lines 203--209
 []\T1/lmr/bx/n/10.95 Notation is-sue.[] \T1/lmr/m/n/10.95 The pa-per al-ter-na
tes be-tween $\OML/lmm/m/it/10.95 d[]$ \T1/lmr/m/n/10.95 and the im-ple-men-ta-
tion's $\OML/lmm/m/it/10.95 d[]$ \T1/lmr/m/n/10.95 for the idiosyncratic-
 []


Overfull \hbox (148.91818pt too wide) in paragraph at lines 227--230
\T1/lmr/m/n/10.95 See \T1/lmtt/m/n/10.95 Paper/icml2026/Section/Approach.tex:30
6--318 \T1/lmr/m/n/10.95 and \T1/lmtt/m/n/10.95 Paper/icml2026/Section/Appendix
Parts/info_gain.tex:97--161\T1/lmr/m/n/10.95 . 
 []

[5]
Overfull \hbox (68.72722pt too wide) in paragraph at lines 312--316
\T1/lmr/m/n/10.95 The fil-ter is de-scribed in al-go-rith-mic form in \T1/lmtt/
m/n/10.95 Paper/icml2026/Section/AppendixParts/alg_router.tex:10--58\T1/lmr/m/n
/10.95 .
 []

[6]
Overfull \hbox (8.94315pt too wide) in paragraph at lines 325--327
[]\T1/lmr/m/n/10.95 project the up-dated co-vari-ance back to a fac-tor-ized fa
m-ily by drop-ping pos-te-rior cross-covariances. 
 []


Overfull \hbox (116.52512pt too wide) in paragraph at lines 354--358
\T1/lmr/m/n/10.95 The pa-per's learn-ing rou-tine is op-tional MCEM; see \T1/lm
tt/m/n/10.95 Paper/icml2026/Section/AppendixParts/alg_learning.tex:9--112\T1/lm
r/m/n/10.95 .
 []

[7]
Overfull \hbox (254.20833pt too wide) in paragraph at lines 389--392
\T1/lmr/m/n/10.95 is given in \T1/lmtt/m/n/10.95 Paper/icml2026/Section/Appendi
xParts/info_gain.tex:7--34 \T1/lmr/m/n/10.95 and \T1/lmtt/m/n/10.95 Paper/icml2
026/Section/AppendixParts/info_gain.tex:163--260\T1/lmr/m/n/10.95 . 
 []

[8]
Overfull \hbox (245.80559pt too wide) in paragraph at lines 448--452
\T1/lmr/m/n/10.95 queried up-date; see \T1/lmtt/m/n/10.95 Paper/icml2026/Sectio
n/Approach.tex:250--257 \T1/lmr/m/n/10.95 and \T1/lmtt/m/n/10.95 Paper/icml2026
/Section/AppendixParts/derivations.tex:57--66\T1/lmr/m/n/10.95 . 
 []

[9]
Overfull \hbox (94.20862pt too wide) in paragraph at lines 527--532
\T1/lmr/m/n/10.95 tained marginals be-cause prun-ing is de-fined by marginal-iz
a-tion; see \T1/lmtt/m/n/10.95 Paper/icml2026/Section/Approach.tex:384--405
 []


Overfull \hbox (80.15805pt too wide) in paragraph at lines 549--553
\T1/lmr/m/n/10.95 so shared-factor un-cer-tainty in-duces cou-pling across ex-p
erts; see \T1/lmtt/m/n/10.95 Paper/icml2026/Section/Approach.tex:449--464
 []

[10]
Overfull \hbox (33.69496pt too wide) in paragraph at lines 565--571
\T1/lmr/m/n/10.95 resid-ual law is a Gaus-sian mix-ture; see \T1/lmtt/m/n/10.95
 Paper/icml2026/Section/AppendixParts/info_gain.tex:31--34
 []

[11]
Overfull \hbox (18.97955pt too wide) in paragraph at lines 644--646
[]\T1/lmtt/m/n/10.95 environment/etth1_env.py\T1/lmr/m/n/10.95 : time-series da
ta en-vi-ron-ment also used for FRED-like and Melbourne-
 []


Overfull \hbox (3.2527pt too wide) in paragraph at lines 646--648
[]\T1/lmtt/m/n/10.95 models/linucb_baseline.py \T1/lmr/m/n/10.95 and \T1/lmtt/m
/n/10.95 models/neuralucb_baseline.py\T1/lmr/m/n/10.95 : base-line im-ple-men-t
a-tions; 
 []


Overfull \hbox (12.37807pt too wide) in paragraph at lines 648--651
[]\T1/lmtt/m/n/10.95 config/exp_synthetic_1.yaml\T1/lmr/m/n/10.95 , \T1/lmtt/m/
n/10.95 config/config_melbourne.yaml\T1/lmr/m/n/10.95 , and \T1/lmtt/m/n/10.95 
config/exp_FRED.yaml\T1/lmr/m/n/10.95 :
 []

[12]
Overfull \hbox (7.4478pt too wide) in paragraph at lines 694--697
[]\T1/lmr/m/n/10.95 The im-ple-men-ta-tion only sup-ports resid-ual ob-ser-va-t
ions: \T1/lmtt/m/n/10.95 models/factorized_slds.py:107--108
 []


Overfull \hbox (119.43204pt too wide) in paragraph at lines 716--721
\T1/lmr/m/n/10.95 The de-fault is \T1/lmtt/m/n/10.95 transition_mode="attention
" \T1/lmr/m/n/10.95 and \T1/lmtt/m/n/10.95 transition_init="random" \T1/lmr/m/n
/10.95 in \T1/lmtt/m/n/10.95 models/factorized_slds.py:114--115\T1/lmr/m/n/10.9
5 .
 []


Overfull \hbox (97.83293pt too wide) in paragraph at lines 716--721
\T1/lmr/m/n/10.95 The decision-time tran-si-tion ma-trix is pro-duced by \T1/lm
tt/m/n/10.95 \_context\_transition \T1/lmr/m/n/10.95 in \T1/lmtt/m/n/10.95 mode
ls/factorized_slds.py:741--763\T1/lmr/m/n/10.95 . 
 []

[13]
Overfull \hbox (31.02664pt too wide) in paragraph at lines 760--765
\T1/lmr/m/n/10.95 placed by \T1/lmtt/m/n/10.95 NaN\T1/lmr/m/n/10.95 . Re-ported
 av-er-age costs are then com-puted with \T1/lmtt/m/n/10.95 np.nanmean \T1/lmr/
m/n/10.95 in \T1/lmtt/m/n/10.95 plot_utils.py:1291--1335\T1/lmr/m/n/10.95 .
 []


Overfull \hbox (84.32227pt too wide) in paragraph at lines 760--765
\T1/lmr/m/n/10.95 Con-stant ex-pert base-lines are also re-com-puted start-ing 
from \T1/lmtt/m/n/10.95 t\_start = em\_tk + 1 \T1/lmr/m/n/10.95 in \T1/lmtt/m/n
/10.95 plot_utils.py:1267--1290\T1/lmr/m/n/10.95 . 
 []


Underfull \hbox (badness 10000) in paragraph at lines 776--776
[]|\T1/lmr/bx/n/10 Paper com-po-
 []


Overfull \hbox (27.11368pt too wide) in alignment at lines 774--778
 [] [] [] [] [] 
 []


Underfull \hbox (badness 10000) in paragraph at lines 780--780
[]|\T1/lmr/bx/n/10 Paper com-po-
 []


Overfull \hbox (27.11368pt too wide) in alignment at lines 778--782
 [] [] [] [] [] 
 []


Underfull \hbox (badness 1348) in paragraph at lines 784--785
[]|\T1/lmr/m/n/10 Sequential partial-
 []


Overfull \hbox (5.24513pt too wide) in paragraph at lines 785--786
[]|\T1/lmtt/m/n/10 Approach.tex:45--73| 
 []


Overfull \hbox (24.32785pt too wide) in paragraph at lines 786--787
[]|\T1/lmtt/m/n/10 router_eval.py:216--243\T1/lmr/m/n/10 ,
 []


Overfull \hbox (21.5501pt too wide) in paragraph at lines 786--787
\T1/lmtt/m/n/10 router_eval.py:486--554| 
 []


Underfull \hbox (badness 6741) in paragraph at lines 788--789
[]|\T1/lmr/m/n/10 The code passes only
 []


Underfull \hbox (badness 10000) in paragraph at lines 788--789
\T1/lmr/m/n/10 the queried resid-ual
 []


Underfull \hbox (badness 10000) in paragraph at lines 788--789
\T1/lmr/m/n/10 to \T1/lmtt/m/n/10 FactorizedSLDS \T1/lmr/m/n/10 in
 []


Underfull \hbox (badness 2189) in paragraph at lines 788--789
\T1/lmr/m/n/10 par-tial mode, match-ing
 []


Underfull \hbox (badness 3503) in paragraph at lines 788--789
\T1/lmr/m/n/10 the pa-per's ob-ser-va-tion
 []


Underfull \hbox (badness 10000) in paragraph at lines 790--791
[]|\T1/lmr/m/n/10 Residual state-
 []


Overfull \hbox (15.7451pt too wide) in paragraph at lines 791--792
[]|\T1/lmtt/m/n/10 Approach.tex:205--239| 
 []


Overfull \hbox (68.79996pt too wide) in paragraph at lines 792--793
[]|\T1/lmtt/m/n/10 models/factorized_slds.py:48--66| 
 []


Underfull \hbox (badness 10000) in paragraph at lines 796--797
[]|\T1/lmr/m/n/10 Context-dependent
 []


Overfull \hbox (15.7451pt too wide) in paragraph at lines 797--798
[]|\T1/lmtt/m/n/10 Approach.tex:135--163| 
 []


Overfull \hbox (79.29993pt too wide) in paragraph at lines 798--799
[]|\T1/lmtt/m/n/10 models/factorized_slds.py:741--763| 
 []


Underfull \hbox (badness 10000) in paragraph at lines 799--800
[]|\T1/lmr/m/n/10 Partial
 []


Underfull \hbox (badness 10000) in paragraph at lines 800--801
[]|\T1/lmr/m/n/10 The code im-ple-ments
 []


Underfull \hbox (badness 7907) in paragraph at lines 800--801
\T1/lmr/m/n/10 context-dependent tran-
 []


Underfull \hbox (badness 10000) in paragraph at lines 800--801
\T1/lmr/m/n/10 si-tions, but in some
 []


Underfull \hbox (badness 10000) in paragraph at lines 800--801
\T1/lmr/m/n/10 pub-lished ex-per-i-ments
 []


Underfull \hbox (badness 10000) in paragraph at lines 800--801
\T1/lmr/m/n/10 dom be-cause EM is
 []


Underfull \hbox (badness 10000) in paragraph at lines 802--803
[]|\T1/lmr/m/n/10 Predictive cost
 []


Overfull \hbox (20.99509pt too wide) in paragraph at lines 803--804
[]|\T1/lmtt/m/n/10 info_gain.tex:128--161| 
 []


Overfull \hbox (89.7999pt too wide) in paragraph at lines 804--805
[]|\T1/lmtt/m/n/10 models/factorized_slds.py:1377--1459| 
 []


Underfull \hbox (badness 10000) in paragraph at lines 808--809
[]|\T1/lmr/m/n/10 Shared-factor IG
 []


Overfull \hbox (20.99509pt too wide) in paragraph at lines 809--810
[]|\T1/lmtt/m/n/10 info_gain.tex:188--202| 
 []


Overfull \hbox (89.7999pt too wide) in paragraph at lines 810--811
[]|\T1/lmtt/m/n/10 models/factorized_slds.py:1431--1443| 
 []


Underfull \hbox (badness 10000) in paragraph at lines 814--815
[]|\T1/lmr/m/n/10 Mode-
 []


Underfull \hbox (badness 10000) in paragraph at lines 814--815
\T1/lmr/m/n/10 identification
 []


Overfull \hbox (20.99509pt too wide) in paragraph at lines 815--816
[]|\T1/lmtt/m/n/10 info_gain.tex:204--260| 
 []


Overfull \hbox (89.7999pt too wide) in paragraph at lines 816--817
[]|\T1/lmtt/m/n/10 models/factorized_slds.py:1535--1613| 
 []


Underfull \hbox (badness 10000) in paragraph at lines 818--819
[]|\T1/lmr/m/n/10 Monte Carlo KL-to-
 []


Underfull \hbox (badness 10000) in paragraph at lines 818--819
\T1/lmr/m/n/10 mixture es-ti-ma-tor is
 []


Underfull \hbox (badness 2469) in paragraph at lines 820--821
[]|\T1/lmr/m/n/10 IDS-inspired rout-
 []


Overfull \hbox (15.7451pt too wide) in paragraph at lines 821--822
[]|\T1/lmtt/m/n/10 Approach.tex:333--340| 
 []


Overfull \hbox (89.7999pt too wide) in paragraph at lines 822--823
[]|\T1/lmtt/m/n/10 models/factorized_slds.py:1679--1786| 
 []


Underfull \hbox (badness 4229) in paragraph at lines 823--824
[]|\T1/lmr/m/n/10 Match with
 []


Underfull \hbox (badness 10000) in paragraph at lines 826--827
[]|\T1/lmr/m/n/10 Queried Kalman
 []


Overfull \hbox (15.7451pt too wide) in paragraph at lines 827--828
[]|\T1/lmtt/m/n/10 alg_router.tex:39--58| 
 []


Overfull \hbox (89.7999pt too wide) in paragraph at lines 828--829
[]|\T1/lmtt/m/n/10 models/factorized_slds.py:1980--2068| 
 []

LaTeX Font Info:    External font `lmex10' loaded for size
(Font)              <10> on input line 830.
LaTeX Font Info:    External font `lmex10' loaded for size
(Font)              <7> on input line 830.
LaTeX Font Info:    External font `lmex10' loaded for size
(Font)              <5> on input line 830.

Underfull \hbox (badness 4416) in paragraph at lines 830--831
[]|\T1/lmr/m/n/10 The code up-dates the
 []


Underfull \hbox (badness 10000) in paragraph at lines 830--831
\T1/lmr/m/n/10 joint state $\OT1/lmr/m/n/10 (\OML/lmm/m/it/10 g[]; u[]\OT1/lmr/
m/n/10 )$\T1/lmr/m/n/10 ,
 []


Underfull \hbox (badness 3579) in paragraph at lines 830--831
\T1/lmr/m/n/10 then stores only block
 []


Overfull \hbox (15.7451pt too wide) in paragraph at lines 833--834
[]|\T1/lmtt/m/n/10 Approach.tex:362--405| 
 []


Overfull \hbox (89.7999pt too wide) in paragraph at lines 834--835
[]|\T1/lmtt/m/n/10 models/factorized_slds.py:2385--2413| 
 []


Underfull \hbox (badness 10000) in paragraph at lines 836--837
[]|\T1/lmr/m/n/10 Stale un-avail-able ex-
 []


Underfull \hbox (badness 1117) in paragraph at lines 836--837
\T1/lmr/m/n/10 perts are dropped af-ter
 []


Underfull \hbox (badness 10000) in paragraph at lines 836--837
\T1/lmtt/m/n/10 Delta_max\T1/lmr/m/n/10 ; re-entry
 []


Underfull \hbox (badness 10000) in paragraph at lines 836--837
\T1/lmr/m/n/10 restarts from de-fault
 []


Overfull \hbox (26.24507pt too wide) in paragraph at lines 839--840
[]|\T1/lmtt/m/n/10 alg_learning.tex:9--112| 
 []


Overfull \hbox (89.7999pt too wide) in paragraph at lines 840--841
[]|\T1/lmtt/m/n/10 models/factorized_slds.py:3390--4050| 
 []


Underfull \hbox (badness 2556) in paragraph at lines 842--843
\T1/lmr/m/n/10 style pro-ce-dure broadly
 []


Underfull \hbox (badness 1502) in paragraph at lines 842--843
\T1/lmr/m/n/10 con-sis-tent with the ap-
 []


Underfull \hbox (badness 10000) in paragraph at lines 844--845
[]|\T1/lmr/m/n/10 Synthetic ex-per-i-
 []


Overfull \hbox (26.24507pt too wide) in paragraph at lines 845--846
[]|\T1/lmtt/m/n/10 Experiments.tex:55--123| 
 []


Overfull \hbox (97.82764pt too wide) in paragraph at lines 846--847
[]|\T1/lmtt/m/n/10 environment/synthetic_env.py:547--582\T1/lmr/m/n/10 ,
 []


Overfull \hbox (79.29993pt too wide) in paragraph at lines 846--847
\T1/lmtt/m/n/10 config/exp_synthetic_1.yaml:44--79| 
 []


Underfull \hbox (badness 7777) in paragraph at lines 848--849
[]|\T1/lmr/m/n/10 The code uses a la-
 []


Underfull \hbox (badness 10000) in paragraph at lines 848--849
\T1/lmr/m/n/10 tent model-matched
 []


Underfull \hbox (badness 4096) in paragraph at lines 848--849
\T1/lmr/m/n/10 resid-ual gen-er-a-tor with
 []


Underfull \hbox (badness 10000) in paragraph at lines 848--849
\T1/lmtt/m/n/10 shared_dim: 2\T1/lmr/m/n/10 , not
 []


Underfull \hbox (badness 10000) in paragraph at lines 848--849
\T1/lmr/m/n/10 sim-u-la-tor with []
 []


Underfull \hbox (badness 2828) in paragraph at lines 850--851
[]|\T1/lmr/m/n/10 Synthetic warmup
 []


Overfull \hbox (31.49506pt too wide) in paragraph at lines 851--852
[]|\T1/lmtt/m/n/10 Experiments.tex:121--123| 
 []


Overfull \hbox (24.32785pt too wide) in paragraph at lines 852--853
[]|\T1/lmtt/m/n/10 router_eval.py:514--554\T1/lmr/m/n/10 ,
 []


Overfull \hbox (84.54991pt too wide) in paragraph at lines 852--853
\T1/lmtt/m/n/10 config/exp_synthetic_1.yaml:98--100| 
 []


Underfull \hbox (badness 1199) in paragraph at lines 854--855
[]|\T1/lmr/m/n/10 The pub-lished syn-thetic
 []


Underfull \hbox (badness 1092) in paragraph at lines 854--855
\T1/lmr/m/n/10 con-fig dis-ables EM and
 []


Underfull \hbox (badness 2181) in paragraph at lines 856--857
[]|\T1/lmr/m/n/10 Melbourne no-EM
 []


Overfull \hbox (31.49506pt too wide) in paragraph at lines 857--858
[]|\T1/lmtt/m/n/10 Experiments.tex:158--162| 
 []


Overfull \hbox (95.04988pt too wide) in paragraph at lines 858--859
[]|\T1/lmtt/m/n/10 config/config_melbourne.yaml:123--153| 
 []


Underfull \hbox (badness 10000) in paragraph at lines 859--860
[]|\T1/lmr/m/n/10 Match at
 []


Underfull \hbox (badness 3333) in paragraph at lines 860--861
[]|\T1/lmr/m/n/10 EM is in-deed dis-abled
 []


Underfull \hbox (badness 1968) in paragraph at lines 860--861
\T1/lmr/m/n/10 How-ever, the tran-si-tion
 []


Underfull \hbox (badness 10000) in paragraph at lines 862--863
[]|\T1/lmr/m/n/10 FRED eval-u-a-tion
 []


Underfull \hbox (badness 10000) in paragraph at lines 863--864
[]|\T1/lmr/m/n/10 Appendix ex-per-i-
 []


Overfull \hbox (55.82776pt too wide) in paragraph at lines 864--865
[]|\T1/lmtt/m/n/10 config/exp_FRED.yaml:166--168\T1/lmr/m/n/10 ,
 []


Overfull \hbox (26.80008pt too wide) in paragraph at lines 864--865
\T1/lmtt/m/n/10 plot_utils.py:1085--1155| 
 []


Underfull \hbox (badness 6493) in paragraph at lines 866--867
\T1/lmr/m/n/10 av-er-ages af-ter mask-ing
 []


Underfull \hbox (badness 10000) in paragraph at lines 868--869
[]|\T1/lmr/m/n/10 NeuralUCB base-
 []


Overfull \hbox (99.74486pt too wide) in paragraph at lines 869--870
[]|\T1/lmtt/m/n/10 AppendixParts/Experiments.tex:83--110| 
 []


Overfull \hbox (79.29993pt too wide) in paragraph at lines 870--871
[]|\T1/lmtt/m/n/10 models/neuralucb_baseline.py:5--25| 
 []


Underfull \hbox (badness 10000) in paragraph at lines 872--873
[]|\T1/lmr/m/n/10 The pa-per de-scribes
 []


Underfull \hbox (badness 10000) in paragraph at lines 872--873
\T1/lmr/m/n/10 gradient-feature Neu-
 []


Underfull \hbox (badness 6204) in paragraph at lines 872--873
\T1/lmr/m/n/10 ralUCB; the code ex-
 []


Underfull \hbox (badness 10000) in paragraph at lines 872--873
\T1/lmr/m/n/10 plic-itly im-ple-ments a
 []


Underfull \hbox (badness 10000) in paragraph at lines 872--873
\T1/lmr/m/n/10 NeuralLinear-style ap-
 []


Underfull \hbox (badness 1783) in paragraph at lines 874--875
[]|\T1/lmr/m/n/10 General $\OML/lmm/m/it/10 d[] \OMS/lmsy/m/n/10 ^^U \OT1/lmr/m
/n/10 1$
 []


Overfull \hbox (8.02289pt too wide) in paragraph at lines 875--876
[]|\T1/lmtt/m/n/10 Approach.tex:13--15\T1/lmr/m/n/10 ,
 []


Overfull \hbox (15.7451pt too wide) in paragraph at lines 875--876
\T1/lmtt/m/n/10 Approach.tex:211--230| 
 []


Overfull \hbox (45.32779pt too wide) in paragraph at lines 876--877
[]|\T1/lmtt/m/n/10 models/router_model.py:5--9\T1/lmr/m/n/10 ,
 []


Underfull \hbox (badness 10000) in paragraph at lines 877--878
[]|\T1/lmr/m/n/10 Unclear
 []


Underfull \hbox (badness 10000) in paragraph at lines 877--878
\T1/lmr/m/n/10 / weakly
 []


Underfull \hbox (badness 1424) in paragraph at lines 878--879
\T1/lmr/m/n/10 but all pro-vided ex-per-
 []


Underfull \hbox (badness 1436) in paragraph at lines 878--879
\T1/lmr/m/n/10 and the de-fault fea-ture
 []


Overfull \hbox (27.11368pt too wide) in alignment at lines 782--881
 [] [] [] [] [] 
 []

[14] [15]
Overfull \hbox (39.8229pt too wide) in paragraph at lines 903--909
 []\T1/lmr/bx/n/10.95 Code re-al-ity.[] \T1/lmr/m/n/10.95 The syn-thetic con-fi
g in-stead sets \T1/lmtt/m/n/10.95 shared_noise_mode: "model_match" \T1/lmr/m/n
/10.95 and \T1/lmtt/m/n/10.95 shared_dim:
 []


Overfull \hbox (0.9328pt too wide) in paragraph at lines 937--940
 []\T1/lmr/bx/n/10.95 Paper state-ment.[] \T1/lmr/m/n/10.95 The method is pre-s
ented as us-ing context-dependent regime tran-si-tions $\OT1/lmr/m/n/10.95 ^^E[
](\OML/lmm/m/it/10.95 x[]\OT1/lmr/m/n/10.95 )$
 []

[16]
Overfull \hbox (73.33208pt too wide) in paragraph at lines 942--950
 []\T1/lmr/bx/n/10.95 Code fact.[] \T1/lmr/m/n/10.95 The \T1/lmtt/m/n/10.95 Fac
torizedSLDS \T1/lmr/m/n/10.95 de-faults are \T1/lmtt/m/n/10.95 transition_mode=
"attention" \T1/lmr/m/n/10.95 and \T1/lmtt/m/n/10.95 transition_init="random"
 []


Overfull \hbox (50.13312pt too wide) in paragraph at lines 942--950
\T1/lmr/m/n/10.95 in \T1/lmtt/m/n/10.95 models/factorized_slds.py:114--115\T1/l
mr/m/n/10.95 . If no trained tran-si-tion model is present, \T1/lmtt/m/n/10.95 
\_context\_transition
 []


Overfull \hbox (133.6374pt too wide) in paragraph at lines 942--950
\T1/lmr/m/n/10.95 syn-thetic con-fig uses \T1/lmtt/m/n/10.95 transition_mode: "
attention" \T1/lmr/m/n/10.95 and \T1/lmtt/m/n/10.95 em_enabled: false \T1/lmr/m
/n/10.95 in \T1/lmtt/m/n/10.95 config/exp_synthetic_1.yaml:98--128\T1/lmr/m/n/1
0.95 .
 []


Overfull \hbox (1.06755pt too wide) in paragraph at lines 952--955
 []\T1/lmr/bx/n/10.95 Consequence.[] \T1/lmr/m/n/10.95 In those ex-per-i-ments,
 the pur-ported context-aware tran-si-tion ker-nel is not learned.
 []


Overfull \hbox (2.3491pt too wide) in paragraph at lines 991--994
 []\T1/lmr/bx/n/10.95 Paper state-ment.[] \T1/lmr/m/n/10.95 The ap-pendix de-sc
ribes Neu-ralUCB us-ing gra-di-ent fea-tures $\OML/lmm/m/it/10.95 h[] \OT1/lmr/
m/n/10.95 = \OMS/lmsy/m/n/10.95 r[]\OML/lmm/m/it/10.95 f[]\OT1/lmr/m/n/10.95 (\
OML/lmm/m/it/10.95 x[]; k\OT1/lmr/m/n/10.95 )$
 []


Overfull \hbox (104.71745pt too wide) in paragraph at lines 991--994
\T1/lmr/m/n/10.95 and a sin-gle Gram ma-trix in pa-ram-e-ter space; see \T1/lmt
t/m/n/10.95 Paper/icml2026/Section/AppendixParts/Experiments.tex:83--110\T1/lmr
/m/n/10.95 . 
 []

[17]
Overfull \hbox (16.894pt too wide) in paragraph at lines 1018--1021
\T1/lmr/m/n/10.95 steps be-fore run-ning L2D-SLDS and UCBs'' in \T1/lmtt/m/n/10
.95 Paper/icml2026/Section/Experiments.tex:121--123\T1/lmr/m/n/10.95 . 
 []


Overfull \hbox (8.18155pt too wide) in paragraph at lines 1035--1041
 []\T1/lmr/bx/n/10.95 Code fact.[] \T1/lmr/m/n/10.95 The syn-thetic en-vi-ron-m
ent hard-codes \T1/lmtt/m/n/10.95 DATA_GENERATION_SEED = 42 \T1/lmr/m/n/10.95 u
n-less \T1/lmtt/m/n/10.95 data_seed
 []


Overfull \hbox (55.00288pt too wide) in paragraph at lines 1035--1041
\T1/lmr/m/n/10.95 is ex-plic-itly pro-vided; see \T1/lmtt/m/n/10.95 environment
/synthetic_env.py:3--8 \T1/lmr/m/n/10.95 and \T1/lmtt/m/n/10.95 environment/syn
thetic_env.py:44--50\T1/lmr/m/n/10.95 .
 []


Overfull \hbox (90.69632pt too wide) in paragraph at lines 1060--1062
\T1/lmr/m/n/10.95 in \T1/lmtt/m/n/10.95 config/config_melbourne.yaml:112--121\T
1/lmr/m/n/10.95 . These heuris-tics are im-ple-mented in \T1/lmtt/m/n/10.95 sld
s_imm_router.py:1827--1951\T1/lmr/m/n/10.95 . 
 []

[18]
Overfull \hbox (100.9702pt too wide) in paragraph at lines 1076--1080
 []\T1/lmr/bx/n/10.95 Code fact.[] \T1/lmr/m/n/10.95 When di-ag-nos-tics are en
-abled, \T1/lmtt/m/n/10.95 select_expert \T1/lmr/m/n/10.95 pre-com-putes \T1/lm
tt/m/n/10.95 iz_scores \T1/lmr/m/n/10.95 us-ing \T1/lmtt/m/n/10.95 exploration_
diag_samples
 []


Overfull \hbox (15.82689pt too wide) in paragraph at lines 1076--1080
\T1/lmr/m/n/10.95 and then reuses those scores in the ac-tion se-lec-tion path;
 see \T1/lmtt/m/n/10.95 models/factorized_slds.py:1820--1836\T1/lmr/m/n/10.95 .
 
 []


Overfull \hbox (34.26015pt too wide) in paragraph at lines 1088--1093
[]\T1/lmr/bx/n/10.95 Wrong propo-si-tion cited in syn-thetic anal-y-sis. \T1/lm
r/m/n/10.95 The syn-thetic re-sults sec-tion cites \T1/lmtt/m/n/10.95 prop:tran
sfer
 []


Overfull \hbox (2.66222pt too wide) in paragraph at lines 1094--1100
\T1/lmr/m/n/10.95 ra-tive in \T1/lmtt/m/n/10.95 Paper/icml2026/Section/Experime
nts.tex:194--196 \T1/lmr/m/n/10.95 says Neu-ralUCB is []. 
 []


Overfull \hbox (187.59364pt too wide) in paragraph at lines 1104--1109
[]\T1/lmr/bx/n/10.95 Indexing in-con-sis-tency in syn-thetic regimes. \T1/lmr/m
/n/10.95 The text de-fines $\OML/lmm/m/it/10.95 z[] \OMS/lmsy/m/n/10.95 2 f\OT1
/lmr/m/n/10.95 1\OML/lmm/m/it/10.95 ; \OT1/lmr/m/n/10.95 2\OMS/lmsy/m/n/10.95 g
$ \T1/lmr/m/n/10.95 in \T1/lmtt/m/n/10.95 Paper/icml2026/Section/Experiments.te
x:56--57\T1/lmr/m/n/10.95 ,
 []


Overfull \hbox (17.83629pt too wide) in paragraph at lines 1104--1109
\T1/lmr/m/n/10.95 but the fig-ure cap-tion refers to ``Regime-0'' in \T1/lmtt/m
/n/10.95 Paper/icml2026/Section/Experiments.tex:37--42\T1/lmr/m/n/10.95 . 
 []

[19] [20] [21] (./diagnosis.aux)
Package rerunfilecheck Info: File `diagnosis.out' has not changed.
(rerunfilecheck)             Checksum: 076EEA2EC5E2316D9B4A4FC18266346E;13521.
 ) 
Here is how much of TeX's memory you used:
 11333 strings out of 476091
 173257 string characters out of 5794082
 1877330 words of memory out of 5000000
 31367 multiletter control sequences out of 15000+600000
 580845 words of font info for 88 fonts, out of 8000000 for 9000
 1141 hyphenation exceptions out of 8191
 75i,8n,76p,582b,573s stack positions out of 10000i,1000n,20000p,200000b,200000s
{/usr/share/texmf/fonts/enc/dvips/lm/lm-mathit.enc}{/usr/share/texmf/fonts/en
c/dvips/lm/lm-rm.enc}{/usr/share/texmf/fonts/enc/dvips/lm/lm-mathsy.enc}{/usr/s
hare/texmf/fonts/enc/dvips/lm/lm-mathex.enc}{/usr/share/texmf/fonts/enc/dvips/l
m/lm-ec.enc}{/usr/share/texmf/fonts/enc/dvips/lm/lm-ts1.enc}</usr/share/texmf/f
onts/type1/public/lm/lmbx10.pfb></usr/share/texmf/fonts/type1/public/lm/lmbx12.
pfb></usr/share/texmf/fonts/type1/public/lm/lmex10.pfb></usr/share/texmf/fonts/
type1/public/lm/lmmi10.pfb></usr/share/texmf/fonts/type1/public/lm/lmmi5.pfb></
usr/share/texmf/fonts/type1/public/lm/lmmi6.pfb></usr/share/texmf/fonts/type1/p
ublic/lm/lmmi7.pfb></usr/share/texmf/fonts/type1/public/lm/lmmi8.pfb></usr/shar
e/texmf/fonts/type1/public/lm/lmr10.pfb></usr/share/texmf/fonts/type1/public/lm
/lmr12.pfb></usr/share/texmf/fonts/type1/public/lm/lmr17.pfb></usr/share/texmf/
fonts/type1/public/lm/lmr6.pfb></usr/share/texmf/fonts/type1/public/lm/lmr8.pfb
></usr/share/texmf/fonts/type1/public/lm/lmri10.pfb></usr/share/texmf/fonts/typ
e1/public/lm/lmsy10.pfb></usr/share/texmf/fonts/type1/public/lm/lmsy8.pfb></usr
/share/texmf/fonts/type1/public/lm/lmtt10.pfb></usr/share/texmf/fonts/type1/pub
lic/lm/lmtt12.pfb></usr/share/texlive/texmf-dist/fonts/type1/public/amsfonts/sy
mbols/msbm10.pfb>
Output written on diagnosis.pdf (21 pages, 387907 bytes).
PDF statistics:
 669 PDF objects out of 1000 (max. 8388607)
 600 compressed objects within 6 object streams
 176 named destinations out of 1000 (max. 500000)
 537 words of extra memory for PDF output out of 10000 (max. 10000000)

