\BOOKMARK [1][-]{section.1}{\376\377\000P\000a\000p\000e\000r\000\040\000O\000v\000e\000r\000v\000i\000e\000w}{}% 1
\BOOKMARK [2][-]{subsection.1.1}{\376\377\000P\000r\000o\000b\000l\000e\000m\000\040\000s\000e\000t\000t\000i\000n\000g}{section.1}% 2
\BOOKMARK [2][-]{subsection.1.2}{\376\377\000M\000a\000i\000n\000\040\000c\000l\000a\000i\000m}{section.1}% 3
\BOOKMARK [2][-]{subsection.1.3}{\376\377\000C\000l\000a\000i\000m\000e\000d\000\040\000c\000o\000n\000t\000r\000i\000b\000u\000t\000i\000o\000n\000s}{section.1}% 4
\BOOKMARK [1][-]{section.2}{\376\377\000P\000r\000e\000c\000i\000s\000e\000\040\000R\000e\000c\000o\000n\000s\000t\000r\000u\000c\000t\000i\000o\000n\000\040\000o\000f\000\040\000t\000h\000e\000\040\000M\000e\000t\000h\000o\000d}{}% 5
\BOOKMARK [2][-]{subsection.2.1}{\376\377\000F\000o\000r\000m\000a\000l\000\040\000s\000e\000t\000u\000p}{section.2}% 6
\BOOKMARK [2][-]{subsection.2.2}{\376\377\000V\000a\000r\000i\000a\000b\000l\000e\000s\000\040\000a\000n\000d\000\040\000n\000o\000t\000a\000t\000i\000o\000n}{section.2}% 7
\BOOKMARK [2][-]{subsection.2.3}{\376\377\000O\000b\000j\000e\000c\000t\000i\000v\000e}{section.2}% 8
\BOOKMARK [2][-]{subsection.2.4}{\376\377\000M\000o\000d\000e\000l}{section.2}% 9
\BOOKMARK [3][-]{subsubsection.2.4.1}{\376\377\000R\000e\000g\000i\000m\000e\000\040\000d\000y\000n\000a\000m\000i\000c\000s}{subsection.2.4}% 10
\BOOKMARK [3][-]{subsubsection.2.4.2}{\376\377\000C\000o\000n\000t\000i\000n\000u\000o\000u\000s\000\040\000l\000a\000t\000e\000n\000t\000\040\000d\000y\000n\000a\000m\000i\000c\000s}{subsection.2.4}% 11
\BOOKMARK [3][-]{subsubsection.2.4.3}{\376\377\000E\000m\000i\000s\000s\000i\000o\000n\000\040\000m\000o\000d\000e\000l}{subsection.2.4}% 12
\BOOKMARK [2][-]{subsection.2.5}{\376\377\000I\000n\000f\000e\000r\000e\000n\000c\000e\000\040\000/\000\040\000e\000s\000t\000i\000m\000a\000t\000i\000o\000n}{section.2}% 13
\BOOKMARK [3][-]{subsubsection.2.5.1}{\376\377\000F\000i\000l\000t\000e\000r\000i\000n\000g}{subsection.2.5}% 14
\BOOKMARK [3][-]{subsubsection.2.5.2}{\376\377\000C\000r\000o\000s\000s\000-\000c\000o\000v\000a\000r\000i\000a\000n\000c\000e\000\040\000a\000n\000d\000\040\000f\000a\000c\000t\000o\000r\000i\000z\000a\000t\000i\000o\000n}{subsection.2.5}% 15
\BOOKMARK [3][-]{subsubsection.2.5.3}{\376\377\000P\000a\000r\000a\000m\000e\000t\000e\000r\000\040\000l\000e\000a\000r\000n\000i\000n\000g}{subsection.2.5}% 16
\BOOKMARK [2][-]{subsection.2.6}{\376\377\000D\000e\000c\000i\000s\000i\000o\000n\000\040\000r\000u\000l\000e}{section.2}% 17
\BOOKMARK [2][-]{subsection.2.7}{\376\377\000C\000o\000m\000p\000u\000t\000a\000t\000i\000o\000n\000a\000l\000\040\000c\000o\000m\000p\000l\000e\000x\000i\000t\000y}{section.2}% 18
\BOOKMARK [1][-]{section.3}{\376\377\000A\000s\000s\000u\000m\000p\000t\000i\000o\000n\000s\000\040\000a\000n\000d\000\040\000H\000i\000d\000d\000e\000n\000\040\000A\000s\000s\000u\000m\000p\000t\000i\000o\000n\000s}{}% 19
\BOOKMARK [2][-]{subsection.3.1}{\376\377\000E\000x\000p\000l\000i\000c\000i\000t\000\040\000a\000s\000s\000u\000m\000p\000t\000i\000o\000n\000s}{section.3}% 20
\BOOKMARK [2][-]{subsection.3.2}{\376\377\000I\000m\000p\000l\000i\000c\000i\000t\000\040\000a\000s\000s\000u\000m\000p\000t\000i\000o\000n\000s}{section.3}% 21
\BOOKMARK [2][-]{subsection.3.3}{\376\377\000M\000i\000s\000s\000i\000n\000g\000\040\000a\000s\000s\000u\000m\000p\000t\000i\000o\000n\000s}{section.3}% 22
\BOOKMARK [1][-]{section.4}{\376\377\000T\000h\000e\000o\000r\000y\000\040\000A\000u\000d\000i\000t}{}% 23
\BOOKMARK [2][-]{subsection.4.1}{\376\377\000E\000v\000a\000l\000u\000a\000t\000i\000o\000n\000\040\000o\000f\000\040\000t\000h\000e\000\040\000f\000o\000r\000m\000a\000l\000\040\000c\000l\000a\000i\000m\000s}{section.4}% 24
\BOOKMARK [3][-]{subsubsection.4.1.1}{\376\377\000P\000r\000o\000b\000l\000e\000m\000\040\000f\000o\000r\000m\000u\000l\000a\000t\000i\000o\000n}{subsection.4.1}% 25
\BOOKMARK [3][-]{subsubsection.4.1.2}{\376\377\000P\000r\000o\000p\000o\000s\000i\000t\000i\000o\000n\000\040\000o\000n\000\040\000c\000r\000o\000s\000s\000-\000u\000p\000d\000a\000t\000e}{subsection.4.1}% 26
\BOOKMARK [3][-]{subsubsection.4.1.3}{\376\377\000P\000r\000u\000n\000i\000n\000g\000\040\000p\000r\000o\000p\000o\000s\000i\000t\000i\000o\000n}{subsection.4.1}% 27
\BOOKMARK [3][-]{subsubsection.4.1.4}{\376\377\000B\000i\000r\000t\000h\000\040\000c\000o\000u\000p\000l\000i\000n\000g\000\040\000p\000r\000o\000p\000o\000s\000i\000t\000i\000o\000n}{subsection.4.1}% 28
\BOOKMARK [3][-]{subsubsection.4.1.5}{\376\377\000I\000D\000S\000-\000i\000n\000s\000p\000i\000r\000e\000d\000\040\000e\000x\000p\000l\000o\000r\000a\000t\000i\000o\000n}{subsection.4.1}% 29
\BOOKMARK [2][-]{subsection.4.2}{\376\377\000P\000r\000o\000o\000f\000\040\000g\000a\000p\000s\000\040\000o\000r\000\040\000q\000u\000e\000s\000t\000i\000o\000n\000a\000b\000l\000e\000\040\000s\000t\000e\000p\000s}{section.4}% 30
\BOOKMARK [2][-]{subsection.4.3}{\376\377\000C\000l\000a\000i\000m\000s\000\040\000c\000o\000r\000r\000e\000c\000t\000\040\000o\000n\000l\000y\000\040\000u\000n\000d\000e\000r\000\040\000s\000t\000r\000o\000n\000g\000e\000r\000\040\000a\000s\000s\000u\000m\000p\000t\000i\000o\000n\000s}{section.4}% 31
\BOOKMARK [2][-]{subsection.4.4}{\376\377\000P\000o\000s\000s\000i\000b\000l\000e\000\040\000c\000o\000u\000n\000t\000e\000r\000e\000x\000a\000m\000p\000l\000e\000s\000\040\000o\000r\000\040\000f\000a\000i\000l\000u\000r\000e\000\040\000m\000o\000d\000e\000s}{section.4}% 32
\BOOKMARK [1][-]{section.5}{\376\377\000I\000m\000p\000l\000e\000m\000e\000n\000t\000a\000t\000i\000o\000n\000\040\000W\000a\000l\000k\000t\000h\000r\000o\000u\000g\000h}{}% 33
\BOOKMARK [2][-]{subsection.5.1}{\376\377\000R\000e\000p\000o\000s\000i\000t\000o\000r\000y\000\040\000s\000t\000r\000u\000c\000t\000u\000r\000e}{section.5}% 34
\BOOKMARK [2][-]{subsection.5.2}{\376\377\000E\000n\000t\000r\000y\000\040\000p\000o\000i\000n\000t\000s}{section.5}% 35
\BOOKMARK [2][-]{subsection.5.3}{\376\377\000D\000a\000t\000a\000\040\000f\000l\000o\000w}{section.5}% 36
\BOOKMARK [2][-]{subsection.5.4}{\376\377\000M\000o\000d\000e\000l\000\040\000c\000o\000m\000p\000o\000n\000e\000n\000t\000s}{section.5}% 37
\BOOKMARK [3][-]{subsubsection.5.4.1}{\376\377\000O\000b\000s\000e\000r\000v\000a\000t\000i\000o\000n\000\040\000m\000o\000d\000e\000l\000\040\000i\000n\000\040\000c\000o\000d\000e}{subsection.5.4}% 38
\BOOKMARK [3][-]{subsubsection.5.4.2}{\376\377\000F\000e\000a\000t\000u\000r\000e\000\040\000m\000a\000p}{subsection.5.4}% 39
\BOOKMARK [3][-]{subsubsection.5.4.3}{\376\377\000T\000r\000a\000n\000s\000i\000t\000i\000o\000n\000\040\000m\000o\000d\000e\000l}{subsection.5.4}% 40
\BOOKMARK [2][-]{subsection.5.5}{\376\377\000T\000r\000a\000i\000n\000i\000n\000g\000\040\000l\000o\000o\000p}{section.5}% 41
\BOOKMARK [2][-]{subsection.5.6}{\376\377\000I\000n\000f\000e\000r\000e\000n\000c\000e\000\040\000/\000\040\000p\000r\000e\000d\000i\000c\000t\000i\000o\000n}{section.5}% 42
\BOOKMARK [2][-]{subsection.5.7}{\376\377\000E\000v\000a\000l\000u\000a\000t\000i\000o\000n\000\040\000p\000r\000o\000c\000e\000d\000u\000r\000e}{section.5}% 43
\BOOKMARK [1][-]{section.6}{\376\377\000P\000a\000p\000e\000r\000-\000t\000o\000-\000C\000o\000d\000e\000\040\000A\000l\000i\000g\000n\000m\000e\000n\000t}{}% 44
\BOOKMARK [1][-]{section.7}{\376\377\000I\000s\000s\000u\000e\000s\000\040\000F\000o\000u\000n\000d}{}% 45
\BOOKMARK [2][-]{subsection.7.1}{\376\377\000C\000r\000i\000t\000i\000c\000a\000l\000\040\000e\000r\000r\000o\000r\000s}{section.7}% 46
\BOOKMARK [3][-]{subsubsection.7.1.1}{\376\377\000S\000y\000n\000t\000h\000e\000t\000i\000c\000\040\000e\000x\000p\000e\000r\000i\000m\000e\000n\000t\000\040\000i\000n\000\040\000c\000o\000d\000e\000\040\000d\000o\000e\000s\000\040\000n\000o\000t\000\040\000m\000a\000t\000c\000h\000\040\000t\000h\000e\000\040\000p\000a\000p\000e\000r\000'\000s\000\040\000s\000t\000a\000t\000e\000d\000\040\000s\000i\000m\000u\000l\000a\000t\000o\000r}{subsection.7.1}% 47
\BOOKMARK [3][-]{subsubsection.7.1.2}{\376\377\000C\000o\000n\000t\000e\000x\000t\000-\000d\000e\000p\000e\000n\000d\000e\000n\000t\000\040\000t\000r\000a\000n\000s\000i\000t\000i\000o\000n\000s\000\040\000a\000r\000e\000\040\000r\000a\000n\000d\000o\000m\000\040\000a\000n\000d\000\040\000u\000n\000t\000r\000a\000i\000n\000e\000d\000\040\000i\000n\000\040\000s\000y\000n\000t\000h\000e\000t\000i\000c\000\040\000a\000n\000d\000\040\000M\000e\000l\000b\000o\000u\000r\000n\000e\000\040\000r\000u\000n\000s}{subsection.7.1}% 48
\BOOKMARK [3][-]{subsubsection.7.1.3}{\376\377\000F\000R\000E\000D\000\040\000u\000s\000e\000s\000\040\000f\000u\000l\000l\000-\000f\000e\000e\000d\000b\000a\000c\000k\000\040\000o\000f\000f\000l\000i\000n\000e\000\040\000E\000M\000\040\000a\000n\000d\000\040\000m\000a\000s\000k\000e\000d\000\040\000p\000o\000s\000t\000-\000p\000r\000e\000f\000i\000x\000\040\000r\000e\000p\000o\000r\000t\000i\000n\000g}{subsection.7.1}% 49
\BOOKMARK [3][-]{subsubsection.7.1.4}{\376\377\000T\000h\000e\000\040\000p\000a\000p\000e\000r\000'\000s\000\040\000N\000e\000u\000r\000a\000l\000U\000C\000B\000\040\000b\000a\000s\000e\000l\000i\000n\000e\000\040\000i\000s\000\040\000n\000o\000t\000\040\000t\000h\000e\000\040\000i\000m\000p\000l\000e\000m\000e\000n\000t\000a\000t\000i\000o\000n}{subsection.7.1}% 50
\BOOKMARK [2][-]{subsection.7.2}{\376\377\000M\000o\000d\000e\000r\000a\000t\000e\000\040\000c\000o\000n\000c\000e\000r\000n\000s}{section.7}% 51
\BOOKMARK [3][-]{subsubsection.7.2.1}{\376\377\000S\000y\000n\000t\000h\000e\000t\000i\000c\000\040\000w\000a\000r\000m\000u\000p\000\040\000d\000e\000s\000c\000r\000i\000b\000e\000d\000\040\000i\000n\000\040\000p\000a\000p\000e\000r\000\040\000i\000s\000\040\000n\000o\000t\000\040\000i\000m\000p\000l\000e\000m\000e\000n\000t\000e\000d\000\040\000i\000n\000\040\000t\000h\000e\000\040\000p\000u\000b\000l\000i\000s\000h\000e\000d\000\040\000c\000o\000n\000f\000i\000g}{subsection.7.2}% 52
\BOOKMARK [3][-]{subsubsection.7.2.2}{\376\377\000S\000y\000n\000t\000h\000e\000t\000i\000c\000\040\000m\000u\000l\000t\000i\000-\000s\000e\000e\000d\000\040\000r\000e\000p\000o\000r\000t\000i\000n\000g\000\040\000u\000s\000e\000s\000\040\000a\000\040\000f\000i\000x\000e\000d\000\040\000d\000a\000t\000a\000\040\000s\000e\000e\000d\000\040\000b\000y\000\040\000d\000e\000f\000a\000u\000l\000t}{subsection.7.2}% 53
\BOOKMARK [3][-]{subsubsection.7.2.3}{\376\377\000U\000n\000d\000o\000c\000u\000m\000e\000n\000t\000e\000d\000\040\000i\000n\000i\000t\000i\000a\000l\000i\000z\000a\000t\000i\000o\000n\000\040\000h\000e\000u\000r\000i\000s\000t\000i\000c\000s\000\040\000a\000f\000f\000e\000c\000t\000\040\000M\000e\000l\000b\000o\000u\000r\000n\000e}{subsection.7.2}% 54
\BOOKMARK [3][-]{subsubsection.7.2.4}{\376\377\000D\000i\000a\000g\000n\000o\000s\000t\000i\000c\000\040\000s\000a\000m\000p\000l\000e\000\040\000c\000o\000u\000n\000t\000\040\000c\000a\000n\000\040\000c\000h\000a\000n\000g\000e\000\040\000t\000h\000e\000\040\000a\000c\000t\000u\000a\000l\000\040\000r\000o\000u\000t\000i\000n\000g\000\040\000b\000e\000h\000a\000v\000i\000o\000r}{subsection.7.2}% 55
\BOOKMARK [2][-]{subsection.7.3}{\376\377\000M\000i\000n\000o\000r\000\040\000i\000s\000s\000u\000e\000s\000\040\000/\000\040\000s\000t\000y\000l\000e\000\040\000/\000\040\000c\000l\000a\000r\000i\000t\000y\000\040\000i\000s\000s\000u\000e\000s}{section.7}% 56
\BOOKMARK [1][-]{section.8}{\376\377\000C\000o\000n\000c\000r\000e\000t\000e\000\040\000F\000i\000x\000e\000s}{}% 57
\BOOKMARK [2][-]{subsection.8.1}{\376\377\000P\000a\000p\000e\000r\000\040\000f\000i\000x\000e\000s}{section.8}% 58
\BOOKMARK [2][-]{subsection.8.2}{\376\377\000C\000o\000d\000e\000\040\000f\000i\000x\000e\000s}{section.8}% 59
\BOOKMARK [2][-]{subsection.8.3}{\376\377\000E\000x\000p\000e\000r\000i\000m\000e\000n\000t\000a\000l\000\040\000f\000i\000x\000e\000s}{section.8}% 60
\BOOKMARK [2][-]{subsection.8.4}{\376\377\000T\000h\000e\000o\000r\000e\000t\000i\000c\000a\000l\000\040\000f\000i\000x\000e\000s}{section.8}% 61
\BOOKMARK [1][-]{section.9}{\376\377\000F\000i\000n\000a\000l\000\040\000V\000e\000r\000d\000i\000c\000t}{}% 62
\BOOKMARK [2][-]{subsection.9.1}{\376\377\000I\000s\000\040\000t\000h\000e\000\040\000p\000r\000o\000b\000l\000e\000m\000\040\000f\000o\000r\000m\000u\000l\000a\000t\000i\000o\000n\000\040\000c\000l\000e\000a\000r\000?}{section.9}% 63
\BOOKMARK [2][-]{subsection.9.2}{\376\377\000I\000s\000\040\000t\000h\000e\000\040\000m\000e\000t\000h\000o\000d\000\040\000m\000a\000t\000h\000e\000m\000a\000t\000i\000c\000a\000l\000l\000y\000\040\000s\000o\000u\000n\000d\000?}{section.9}% 64
\BOOKMARK [2][-]{subsection.9.3}{\376\377\000A\000r\000e\000\040\000t\000h\000e\000\040\000t\000h\000e\000o\000r\000e\000t\000i\000c\000a\000l\000\040\000c\000l\000a\000i\000m\000s\000\040\000j\000u\000s\000t\000i\000f\000i\000e\000d\000?}{section.9}% 65
\BOOKMARK [2][-]{subsection.9.4}{\376\377\000D\000o\000e\000s\000\040\000t\000h\000e\000\040\000c\000o\000d\000e\000\040\000f\000a\000i\000t\000h\000f\000u\000l\000l\000y\000\040\000i\000m\000p\000l\000e\000m\000e\000n\000t\000\040\000t\000h\000e\000\040\000p\000a\000p\000e\000r\000?}{section.9}% 66
\BOOKMARK [2][-]{subsection.9.5}{\376\377\000T\000o\000p\000\040\000t\000h\000r\000e\000e\000\040\000r\000i\000s\000k\000s\000\040\000t\000h\000a\000t\000\040\000c\000o\000u\000l\000d\000\040\000i\000n\000v\000a\000l\000i\000d\000a\000t\000e\000\040\000t\000h\000e\000\040\000r\000e\000s\000u\000l\000t\000s}{section.9}% 67
