This is pdfTeX, Version 3.141592653-2.6-1.40.24 (TeX Live 2022/Debian) (preloaded format=pdflatex 2024.3.9)  9 JAN 2026 22:35
entering extended mode
 restricted \write18 enabled.
 file:line:error style messages enabled.
 %&-line parsing enabled.
**exp_tri_cycle.tex
(./exp_tri_cycle.tex
LaTeX2e <2022-11-01> patch level 1
L3 programming layer <2023-01-16>
(/usr/share/texlive/texmf-dist/tex/latex/base/article.cls
Document Class: article 2022/07/02 v1.4n Standard LaTeX document class
(/usr/share/texlive/texmf-dist/tex/latex/base/size11.clo
File: size11.clo 2022/07/02 v1.4n Standard LaTeX file (size option)
)
\c@part=\count185
\c@section=\count186
\c@subsection=\count187
\c@subsubsection=\count188
\c@paragraph=\count189
\c@subparagraph=\count190
\c@figure=\count191
\c@table=\count192
\abovecaptionskip=\skip48
\belowcaptionskip=\skip49
\bibindent=\dimen140
)
(/usr/share/texlive/texmf-dist/tex/latex/amsmath/amsmath.sty
Package: amsmath 2022/04/08 v2.17n AMS math features
\@mathmargin=\skip50

For additional information on amsmath, use the `?' option.
(/usr/share/texlive/texmf-dist/tex/latex/amsmath/amstext.sty
Package: amstext 2021/08/26 v2.01 AMS text

(/usr/share/texlive/texmf-dist/tex/latex/amsmath/amsgen.sty
File: amsgen.sty 1999/11/30 v2.0 generic functions
\@emptytoks=\toks16
\ex@=\dimen141
))
(/usr/share/texlive/texmf-dist/tex/latex/amsmath/amsbsy.sty
Package: amsbsy 1999/11/29 v1.2d Bold Symbols
\pmbraise@=\dimen142
)
(/usr/share/texlive/texmf-dist/tex/latex/amsmath/amsopn.sty
Package: amsopn 2022/04/08 v2.04 operator names
)
\inf@bad=\count193
LaTeX Info: Redefining \frac on input line 234.
\uproot@=\count194
\leftroot@=\count195
LaTeX Info: Redefining \overline on input line 399.
LaTeX Info: Redefining \colon on input line 410.
\classnum@=\count196
\DOTSCASE@=\count197
LaTeX Info: Redefining \ldots on input line 496.
LaTeX Info: Redefining \dots on input line 499.
LaTeX Info: Redefining \cdots on input line 620.
\Mathstrutbox@=\box51
\strutbox@=\box52
LaTeX Info: Redefining \big on input line 722.
LaTeX Info: Redefining \Big on input line 723.
LaTeX Info: Redefining \bigg on input line 724.
LaTeX Info: Redefining \Bigg on input line 725.
\big@size=\dimen143
LaTeX Font Info:    Redeclaring font encoding OML on input line 743.
LaTeX Font Info:    Redeclaring font encoding OMS on input line 744.
\macc@depth=\count198
LaTeX Info: Redefining \bmod on input line 905.
LaTeX Info: Redefining \pmod on input line 910.
LaTeX Info: Redefining \smash on input line 940.
LaTeX Info: Redefining \relbar on input line 970.
LaTeX Info: Redefining \Relbar on input line 971.
\c@MaxMatrixCols=\count199
\dotsspace@=\muskip16
\c@parentequation=\count266
\dspbrk@lvl=\count267
\tag@help=\toks17
\row@=\count268
\column@=\count269
\maxfields@=\count270
\andhelp@=\toks18
\eqnshift@=\dimen144
\alignsep@=\dimen145
\tagshift@=\dimen146
\tagwidth@=\dimen147
\totwidth@=\dimen148
\lineht@=\dimen149
\@envbody=\toks19
\multlinegap=\skip51
\multlinetaggap=\skip52
\mathdisplay@stack=\toks20
LaTeX Info: Redefining \[ on input line 2953.
LaTeX Info: Redefining \] on input line 2954.
)
(/usr/share/texlive/texmf-dist/tex/latex/l3backend/l3backend-pdftex.def
File: l3backend-pdftex.def 2023-01-16 L3 backend support: PDF output (pdfTeX)
\l__color_backend_stack_int=\count271
\l__pdf_internal_box=\box53
)
No file exp_tri_cycle.aux.
\openout1 = `exp_tri_cycle.aux'.

LaTeX Font Info:    Checking defaults for OML/cmm/m/it on input line 11.
LaTeX Font Info:    ... okay on input line 11.
LaTeX Font Info:    Checking defaults for OMS/cmsy/m/n on input line 11.
LaTeX Font Info:    ... okay on input line 11.
LaTeX Font Info:    Checking defaults for OT1/cmr/m/n on input line 11.
LaTeX Font Info:    ... okay on input line 11.
LaTeX Font Info:    Checking defaults for T1/cmr/m/n on input line 11.
LaTeX Font Info:    ... okay on input line 11.
LaTeX Font Info:    Checking defaults for TS1/cmr/m/n on input line 11.
LaTeX Font Info:    ... okay on input line 11.
LaTeX Font Info:    Checking defaults for OMX/cmex/m/n on input line 11.
LaTeX Font Info:    ... okay on input line 11.
LaTeX Font Info:    Checking defaults for U/cmr/m/n on input line 11.
LaTeX Font Info:    ... okay on input line 11.
[1

{/var/lib/texmf/fonts/map/pdftex/updmap/pdftex.map}]
Overfull \hbox (4.83232pt too wide) in paragraph at lines 65--67
[]\OT1/cmr/bx/n/10.95 Correlation re-cov-ery: \OT1/cmr/m/n/10.95 es-ti-mated cr
oss-expert cor-re-la-tions (or shared-
 []


Overfull \hbox (3.15166pt too wide) in paragraph at lines 79--98
\OT1/cmtt/m/n/10.95 = tri[]cycle[]corr \OT1/cmr/m/n/10.95 with \OT1/cmtt/m/n/10
.95 num[]experts = 5\OT1/cmr/m/n/10.95 , \OT1/cmtt/m/n/10.95 num[]regimes = 3\O
T1/cmr/m/n/10.95 , and to-tal hori-
 []


Overfull \hbox (32.80495pt too wide) in paragraph at lines 79--98
\OT1/cmr/m/n/10.95 zon $\OML/cmm/m/it/10.95 T$\OT1/cmr/m/n/10.95 . The regime c
y-cle is con-trolled by \OT1/cmtt/m/n/10.95 environment.tri[]cycle.regime[]patt
ern
 []


Overfull \hbox (6.1839pt too wide) in paragraph at lines 79--98
\OT1/cmr/m/n/10.95 with scales \OT1/cmtt/m/n/10.95 shared[]noise[]scale \OT1/cm
r/m/n/10.95 and \OT1/cmtt/m/n/10.95 indiv[]noise[]scale\OT1/cmr/m/n/10.95 . Reg
ime-dependent
 []


Overfull \hbox (69.97818pt too wide) in paragraph at lines 79--98
\OT1/cmr/m/n/10.95 ex-pert ac-cu-racy is en-coded through \OT1/cmtt/m/n/10.95 b
iases[]by[]regime \OT1/cmr/m/n/10.95 (and op-tion-ally \OT1/cmtt/m/n/10.95 slop
es[]by[]regime\OT1/cmr/m/n/10.95 ).
 []

./exp_tri_cycle.tex:99: Missing $ inserted.
<inserted text> 
                $
l.99 ...e., the specific \texttt{horizon_planning}
                                                   knobs and how they reflect
I've inserted a begin-math/end-math symbol since I think
you left one out. Proceed, with fingers crossed.

./exp_tri_cycle.tex:99: Extra }, or forgotten $.
<recently read> \egroup 
                        
l.99 ...e., the specific \texttt{horizon_planning}
                                                   knobs and how they reflect
I've deleted a group-closing symbol because it seems to be
spurious, as in `$x}$'. But perhaps the } is legitimate and
you forgot something else, as in `\hbox{$x}'. In such cases
the way to recover is to insert both the forgotten and the
deleted material, e.g., by typing `I$}'.


LaTeX Warning: Reference `sec:mc_planning' on page 2 undefined on input line 10
0.

./exp_tri_cycle.tex:101: Missing $ inserted.
<inserted text> 
                $
l.101 
      
I've inserted a begin-math/end-math symbol since I think
you left one out. Proceed, with fingers crossed.


Overfull \hbox (120.9001pt too wide) in paragraph at lines 99--101
\OT1/cmr/m/n/10.95 ing setup for this ex-per-i-ment (i.e., the spe-cific \OT1/c
mtt/m/n/10.95 horizon$[]\OML/cmm/m/it/10.95 lanningknobsandhowtheyreflectSectio
n [][]\OT1/cmr/m/n/10.95 )\OML/cmm/m/it/10.95 :$ 
 []

[2] (/home/yannis/PycharmProjects/TimeSeries/out/exp_tri_cycle.aux)

LaTeX Warning: There were undefined references.


LaTeX Warning: Label(s) may have changed. Rerun to get cross-references right.

 )
(\end occurred inside a group at level 1)

### simple group (level 1) entered at line 99 ({)
### bottom level 
Here is how much of TeX's memory you used:
 1184 strings out of 476091
 18414 string characters out of 5794082
 1858330 words of memory out of 5000000
 21618 multiletter control sequences out of 15000+600000
 517738 words of font info for 52 fonts, out of 8000000 for 9000
 1141 hyphenation exceptions out of 8191
 56i,10n,62p,224b,172s stack positions out of 10000i,1000n,20000p,200000b,200000s
</usr/share/texlive/texmf-dist/fonts/type1/public/amsfonts/cm/c
mbx10.pfb></usr/share/texlive/texmf-dist/fonts/type1/public/amsfonts/cm/cmbx12.
pfb></usr/share/texlive/texmf-dist/fonts/type1/public/amsfonts/cm/cmex10.pfb></
usr/share/texlive/texmf-dist/fonts/type1/public/amsfonts/cm/cmmi10.pfb></usr/sh
are/texlive/texmf-dist/fonts/type1/public/amsfonts/cm/cmmi6.pfb></usr/share/tex
live/texmf-dist/fonts/type1/public/amsfonts/cm/cmmi8.pfb></usr/share/texlive/te
xmf-dist/fonts/type1/public/amsfonts/cm/cmr10.pfb></usr/share/texlive/texmf-dis
t/fonts/type1/public/amsfonts/cm/cmr8.pfb></usr/share/texlive/texmf-dist/fonts/
type1/public/amsfonts/cm/cmsy10.pfb></usr/share/texlive/texmf-dist/fonts/type1/
public/amsfonts/cm/cmsy8.pfb></usr/share/texlive/texmf-dist/fonts/type1/public/
amsfonts/cm/cmtt10.pfb>
Output written on /home/yannis/PycharmProjects/TimeSeries/out/exp_tri_cycle.pdf
 (2 pages, 134649 bytes).
PDF statistics:
 66 PDF objects out of 1000 (max. 8388607)
 39 compressed objects within 1 object stream
 0 named destinations out of 1000 (max. 500000)
 1 words of extra memory for PDF output out of 10000 (max. 10000000)

